This file contains any messages produced by compilers while
running configure, to aid debugging if configure makes a mistake.

It was created by s3fs configure 1.61, which was
generated by GNU Autoconf 2.67.  Invocation command line was

  $ ./configure --prefix=/usr

## --------- ##
## Platform. ##
## --------- ##

hostname = cphage02.local
uname -m = x86_64
uname -r = 10.8.0
uname -s = Darwin
uname -v = Darwin Kernel Version 10.8.0: Tue Jun  7 16:32:41 PDT 2011; root:xnu-1504.15.3~1/RELEASE_X86_64

/usr/bin/uname -p = i386
/bin/uname -X     = unknown

/bin/arch              = unknown
/usr/bin/arch -k       = unknown
/usr/convex/getsysinfo = unknown
/usr/bin/hostinfo      = Mach kernel version:
	 Darwin Kernel Version 10.8.0: Tue Jun  7 16:32:41 PDT 2011; root:xnu-1504.15.3~1/RELEASE_X86_64
Kernel configured for up to 4 processors.
2 processors are physically available.
4 processors are logically available.
Processor type: i486 (Intel 80486)
Processors active: 0 1 2 3
Primary memory available: 8.00 gigabytes
Default processor set: 83 tasks, 461 threads, 4 processors
Load average: 1.13, Mach factor: 2.86
/bin/machine           = unknown
/usr/bin/oslevel       = unknown
/bin/universe          = unknown

PATH: /opt/local/bin
PATH: /opt/local/sbin
PATH: /usr/bin
PATH: /bin
PATH: /usr/sbin
PATH: /sbin
PATH: /usr/local/bin
PATH: /usr/X11/bin
PATH: /Users/phagedorn/Desktop/aws/bin


## ----------- ##
## Core tests. ##
## ----------- ##

configure:1817: checking build system type
configure:1831: result: x86_64-apple-darwin10.8.0
configure:1851: checking host system type
configure:1864: result: x86_64-apple-darwin10.8.0
configure:1884: checking target system type
configure:1897: result: x86_64-apple-darwin10.8.0
configure:1940: checking for a BSD-compatible install
configure:2008: result: /usr/bin/install -c
configure:2019: checking whether build environment is sane
configure:2069: result: yes
configure:2210: checking for a thread-safe mkdir -p
configure:2249: result: ./install-sh -c -d
configure:2262: checking for gawk
configure:2292: result: no
configure:2262: checking for mawk
configure:2292: result: no
configure:2262: checking for nawk
configure:2292: result: no
configure:2262: checking for awk
configure:2278: found /usr/bin/awk
configure:2289: result: awk
configure:2300: checking whether make sets $(MAKE)
configure:2322: result: yes
configure:2461: checking for g++
configure:2477: found /usr/bin/g++
configure:2488: result: g++
configure:2515: checking for C++ compiler version
configure:2524: g++ --version >&5
i686-apple-darwin10-g++-4.2.1 (GCC) 4.2.1 (Apple Inc. build 5666) (dot 3)
Copyright (C) 2007 Free Software Foundation, Inc.
This is free software; see the source for copying conditions.  There is NO
warranty; not even for MERCHANTABILITY or FITNESS FOR A PARTICULAR PURPOSE.

configure:2535: $? = 0
configure:2524: g++ -v >&5
Using built-in specs.
Target: i686-apple-darwin10
Configured with: /var/tmp/gcc/gcc-5666.3~123/src/configure --disable-checking --enable-werror --prefix=/usr --mandir=/share/man --enable-languages=c,objc,c++,obj-c++ --program-transform-name=/^[cg][^.-]*$/s/$/-4.2/ --with-slibdir=/usr/lib --build=i686-apple-darwin10 --program-prefix=i686-apple-darwin10- --host=x86_64-apple-darwin10 --target=i686-apple-darwin10 --with-gxx-include-dir=/include/c++/4.2.1
Thread model: posix
gcc version 4.2.1 (Apple Inc. build 5666) (dot 3)
configure:2535: $? = 0
configure:2524: g++ -V >&5
g++-4.2: argument to `-V' is missing
configure:2535: $? = 1
configure:2524: g++ -qversion >&5
i686-apple-darwin10-g++-4.2.1: no input files
configure:2535: $? = 1
configure:2555: checking whether the C++ compiler works
configure:2577: g++    conftest.cpp  >&5
configure:2581: $? = 0
configure:2629: result: yes
configure:2632: checking for C++ compiler default output file name
configure:2634: result: a.out
configure:2640: checking for suffix of executables
configure:2647: g++ -o conftest    conftest.cpp  >&5
configure:2651: $? = 0
configure:2673: result: 
configure:2695: checking whether we are cross compiling
configure:2703: g++ -o conftest    conftest.cpp  >&5
configure:2707: $? = 0
configure:2714: ./conftest
configure:2718: $? = 0
configure:2733: result: no
configure:2738: checking for suffix of object files
configure:2760: g++ -c   conftest.cpp >&5
configure:2764: $? = 0
configure:2785: result: o
configure:2789: checking whether we are using the GNU C++ compiler
configure:2808: g++ -c   conftest.cpp >&5
configure:2808: $? = 0
configure:2817: result: yes
configure:2826: checking whether g++ accepts -g
configure:2846: g++ -c -g  conftest.cpp >&5
configure:2846: $? = 0
configure:2887: result: yes
configure:2921: checking for style of include used by make
configure:2949: result: GNU
configure:2974: checking dependency style of g++
configure:3084: result: gcc3
configure:3155: checking for pkg-config
configure:3173: found /opt/local/bin/pkg-config
configure:3185: result: /opt/local/bin/pkg-config
configure:3210: checking pkg-config is at least version 0.9.0
configure:3213: result: yes
configure:3223: checking for DEPS
configure:3230: $PKG_CONFIG --exists --print-errors "fuse >= 2.8.4 libcurl >= 7.0 libxml-2.0 >= 2.6 libcrypto >= 0.9"
Package fuse was not found in the pkg-config search path.
Perhaps you should add the directory containing `fuse.pc'
to the PKG_CONFIG_PATH environment variable
No package 'fuse' found
Package libcurl was not found in the pkg-config search path.
Perhaps you should add the directory containing `libcurl.pc'
to the PKG_CONFIG_PATH environment variable
No package 'libcurl' found
configure:3233: $? = 1
configure:3246: $PKG_CONFIG --exists --print-errors "fuse >= 2.8.4 libcurl >= 7.0 libxml-2.0 >= 2.6 libcrypto >= 0.9"
Package fuse was not found in the pkg-config search path.
Perhaps you should add the directory containing `fuse.pc'
to the PKG_CONFIG_PATH environment variable
No package 'fuse' found
Package libcurl was not found in the pkg-config search path.
Perhaps you should add the directory containing `libcurl.pc'
to the PKG_CONFIG_PATH environment variable
No package 'libcurl' found
configure:3249: $? = 1
configure:3262: result: no
No package 'fuse' found
No package 'libcurl' found
configure:3278: error: Package requirements (fuse >= 2.8.4 libcurl >= 7.0 libxml-2.0 >= 2.6 libcrypto >= 0.9) were not met:

No package 'fuse' found
No package 'libcurl' found

Consider adjusting the PKG_CONFIG_PATH environment variable if you
installed software in a non-standard prefix.

Alternatively, you may set the environment variables DEPS_CFLAGS
and DEPS_LIBS to avoid the need to call pkg-config.
See the pkg-config man page for more details.

## ---------------- ##
## Cache variables. ##
## ---------------- ##

ac_cv_build=x86_64-apple-darwin10.8.0
ac_cv_cxx_compiler_gnu=yes
ac_cv_env_CCC_set=
ac_cv_env_CCC_value=
ac_cv_env_CPPFLAGS_set=
ac_cv_env_CPPFLAGS_value=
ac_cv_env_CXXFLAGS_set=
ac_cv_env_CXXFLAGS_value=
ac_cv_env_CXX_set=
ac_cv_env_CXX_value=
ac_cv_env_DEPS_CFLAGS_set=
ac_cv_env_DEPS_CFLAGS_value=
ac_cv_env_DEPS_LIBS_set=
ac_cv_env_DEPS_LIBS_value=
ac_cv_env_LDFLAGS_set=
ac_cv_env_LDFLAGS_value=
ac_cv_env_LIBS_set=
ac_cv_env_LIBS_value=
ac_cv_env_PKG_CONFIG_LIBDIR_set=
ac_cv_env_PKG_CONFIG_LIBDIR_value=
ac_cv_env_PKG_CONFIG_PATH_set=
ac_cv_env_PKG_CONFIG_PATH_value=
ac_cv_env_PKG_CONFIG_set=
ac_cv_env_PKG_CONFIG_value=
ac_cv_env_build_alias_set=
ac_cv_env_build_alias_value=
ac_cv_env_host_alias_set=
ac_cv_env_host_alias_value=
ac_cv_env_target_alias_set=
ac_cv_env_target_alias_value=
ac_cv_host=x86_64-apple-darwin10.8.0
ac_cv_objext=o
ac_cv_path_ac_pt_PKG_CONFIG=/opt/local/bin/pkg-config
ac_cv_path_install='/usr/bin/install -c'
ac_cv_prog_AWK=awk
ac_cv_prog_ac_ct_CXX=g++
ac_cv_prog_cxx_g=yes
ac_cv_prog_make_make_set=yes
ac_cv_target=x86_64-apple-darwin10.8.0
am_cv_CXX_dependencies_compiler_type=gcc3

## ----------------- ##
## Output variables. ##
## ----------------- ##

ACLOCAL='${SHELL} /Users/phagedorn/Documents/workspace/ec2_create_instance/s3fs-tools/s3fs-1.61/missing --run aclocal-1.11'
AMDEPBACKSLASH='\'
AMDEP_FALSE='#'
AMDEP_TRUE=''
AMTAR='${SHELL} /Users/phagedorn/Documents/workspace/ec2_create_instance/s3fs-tools/s3fs-1.61/missing --run tar'
AUTOCONF='${SHELL} /Users/phagedorn/Documents/workspace/ec2_create_instance/s3fs-tools/s3fs-1.61/missing --run autoconf'
AUTOHEADER='${SHELL} /Users/phagedorn/Documents/workspace/ec2_create_instance/s3fs-tools/s3fs-1.61/missing --run autoheader'
AUTOMAKE='${SHELL} /Users/phagedorn/Documents/workspace/ec2_create_instance/s3fs-tools/s3fs-1.61/missing --run automake-1.11'
AWK='awk'
CPPFLAGS=''
CXX='g++'
CXXDEPMODE='depmode=gcc3'
CXXFLAGS='-g -O2 -Wall -D_FILE_OFFSET_BITS=64'
CYGPATH_W='echo'
DEFS=''
DEPDIR='.deps'
DEPS_CFLAGS=''
DEPS_LIBS=''
ECHO_C='\c'
ECHO_N=''
ECHO_T=''
EXEEXT=''
INSTALL_DATA='${INSTALL} -m 644'
INSTALL_PROGRAM='${INSTALL}'
INSTALL_SCRIPT='${INSTALL}'
INSTALL_STRIP_PROGRAM='$(install_sh) -c -s'
LDFLAGS=''
LIBOBJS=''
LIBS=''
LTLIBOBJS=''
MAKEINFO='${SHELL} /Users/phagedorn/Documents/workspace/ec2_create_instance/s3fs-tools/s3fs-1.61/missing --run makeinfo'
MKDIR_P='./install-sh -c -d'
OBJEXT='o'
PACKAGE='s3fs'
PACKAGE_BUGREPORT=''
PACKAGE_NAME='s3fs'
PACKAGE_STRING='s3fs 1.61'
PACKAGE_TARNAME='s3fs'
PACKAGE_URL=''
PACKAGE_VERSION='1.61'
PATH_SEPARATOR=':'
PKG_CONFIG='/opt/local/bin/pkg-config'
PKG_CONFIG_LIBDIR=''
PKG_CONFIG_PATH=''
SET_MAKE=''
SHELL='/bin/sh'
STRIP=''
VERSION='1.61'
ac_ct_CXX='g++'
am__EXEEXT_FALSE=''
am__EXEEXT_TRUE=''
am__fastdepCXX_FALSE='#'
am__fastdepCXX_TRUE=''
am__include='include'
am__isrc=''
am__leading_dot='.'
am__quote=''
am__tar='${AMTAR} chof - "$$tardir"'
am__untar='${AMTAR} xf -'
bindir='${exec_prefix}/bin'
build='x86_64-apple-darwin10.8.0'
build_alias=''
build_cpu='x86_64'
build_os='darwin10.8.0'
build_vendor='apple'
datadir='${datarootdir}'
datarootdir='${prefix}/share'
docdir='${datarootdir}/doc/${PACKAGE_TARNAME}'
dvidir='${docdir}'
exec_prefix='NONE'
host='x86_64-apple-darwin10.8.0'
host_alias=''
host_cpu='x86_64'
host_os='darwin10.8.0'
host_vendor='apple'
htmldir='${docdir}'
includedir='${prefix}/include'
infodir='${datarootdir}/info'
install_sh='${SHELL} /Users/phagedorn/Documents/workspace/ec2_create_instance/s3fs-tools/s3fs-1.61/install-sh'
libdir='${exec_prefix}/lib'
libexecdir='${exec_prefix}/libexec'
localedir='${datarootdir}/locale'
localstatedir='${prefix}/var'
mandir='${datarootdir}/man'
mkdir_p='$(top_builddir)/./install-sh -c -d'
oldincludedir='/usr/include'
pdfdir='${docdir}'
prefix='/usr'
program_transform_name='s,x,x,'
psdir='${docdir}'
sbindir='${exec_prefix}/sbin'
sharedstatedir='${prefix}/com'
sysconfdir='${prefix}/etc'
target='x86_64-apple-darwin10.8.0'
target_alias=''
target_cpu='x86_64'
target_os='darwin10.8.0'
target_vendor='apple'

## ----------- ##
## confdefs.h. ##
## ----------- ##

/* confdefs.h */
#define PACKAGE_NAME "s3fs"
#define PACKAGE_TARNAME "s3fs"
#define PACKAGE_VERSION "1.61"
#define PACKAGE_STRING "s3fs 1.61"
#define PACKAGE_BUGREPORT ""
#define PACKAGE_URL ""
#define PACKAGE "s3fs"
#define VERSION "1.61"

configure: exit 1
